/root/WORK/SCHOOL/ACPs-app/reading_concierge/reading_concierge.py:79: DeprecationWarning: 
        on_event is deprecated, use lifespan event handlers instead.

        Read more about it in the
        [FastAPI docs for Lifespan Events](https://fastapi.tiangolo.com/advanced/events/).
        
  @app.on_event("startup")
INFO:     Started server process [2323]
INFO:     Waiting for application startup.
2026-03-10 21:47:22+0800 | INFO | agent.reading_concierge | event=retrieval_corpus_active path=/home/dataset/bookset/processed/merged/books_master_merged.jsonl exists=True selection_source=merged-default
INFO:     Application startup complete.
INFO:     Uvicorn running on http://0.0.0.0:8100 (Press CTRL+C to quit)
INFO:     127.0.0.1:38232 - "GET / HTTP/1.1" 200 OK
INFO:     127.0.0.1:37136 - "GET / HTTP/1.1" 200 OK
INFO:     127.0.0.1:37136 - "GET /favicon.ico HTTP/1.1" 404 Not Found
Disabling PyTorch because PyTorch >= 2.4 is required but found 2.2.2+cpu
PyTorch was not found. Models won't be available and only tokenizers, configuration and file/data utilities can be used.

A module that was compiled using NumPy 1.x cannot be run in
NumPy 2.2.6 as it may crash. To support both 1.x and 2.x
versions of NumPy, modules must be compiled with NumPy 2.0.
Some module may need to rebuild instead e.g. with 'pybind11>=2.12'.

If you are a user of the module, the easiest solution will be to
downgrade to 'numpy<2' or try to upgrade the affected module.
We expect that some modules will need time to support NumPy 2.

Traceback (most recent call last):  File "/usr/lib/python3.10/runpy.py", line 196, in _run_module_as_main
    return _run_code(code, main_globals, None,
  File "/usr/lib/python3.10/runpy.py", line 86, in _run_code
    exec(code, run_globals)
  File "/root/WORK/SCHOOL/ACPs-app/reading_concierge/reading_concierge.py", line 935, in <module>
    uvicorn.run(
  File "/usr/local/lib/python3.10/dist-packages/uvicorn/main.py", line 606, in run
    server.run()
  File "/usr/local/lib/python3.10/dist-packages/uvicorn/server.py", line 75, in run
    return asyncio_run(self.serve(sockets=sockets), loop_factory=self.config.get_loop_factory())
  File "/usr/local/lib/python3.10/dist-packages/uvicorn/_compat.py", line 60, in asyncio_run
    return loop.run_until_complete(main)
  File "/usr/lib/python3.10/asyncio/base_events.py", line 636, in run_until_complete
    self.run_forever()
  File "/usr/lib/python3.10/asyncio/base_events.py", line 603, in run_forever
    self._run_once()
  File "/usr/lib/python3.10/asyncio/base_events.py", line 1909, in _run_once
    handle._run()
  File "/usr/lib/python3.10/asyncio/events.py", line 80, in _run
    self._context.run(self._callback, *self._args)
  File "/root/WORK/SCHOOL/ACPs-app/reading_concierge/reading_concierge.py", line 423, in _invoke_partner_with_fallback
    response = await _invoke_agent_rpc(local["app"], local["endpoint"], payload)
  File "/root/WORK/SCHOOL/ACPs-app/reading_concierge/reading_concierge.py", line 346, in _invoke_agent_rpc
    response = await client.post(endpoint, json=rpc_body)
  File "/usr/local/lib/python3.10/dist-packages/httpx/_client.py", line 1859, in post
    return await self.request(
  File "/usr/local/lib/python3.10/dist-packages/httpx/_client.py", line 1540, in request
    return await self.send(request, auth=auth, follow_redirects=follow_redirects)
  File "/usr/local/lib/python3.10/dist-packages/httpx/_client.py", line 1629, in send
    response = await self._send_handling_auth(
  File "/usr/local/lib/python3.10/dist-packages/httpx/_client.py", line 1657, in _send_handling_auth
    response = await self._send_handling_redirects(
  File "/usr/local/lib/python3.10/dist-packages/httpx/_client.py", line 1694, in _send_handling_redirects
    response = await self._send_single_request(request)
  File "/usr/local/lib/python3.10/dist-packages/httpx/_client.py", line 1730, in _send_single_request
    response = await transport.handle_async_request(request)
  File "/usr/local/lib/python3.10/dist-packages/httpx/_transports/asgi.py", line 170, in handle_async_request
    await self.app(scope, receive, send)
  File "/usr/local/lib/python3.10/dist-packages/fastapi/applications.py", line 1160, in __call__
    await super().__call__(scope, receive, send)
  File "/usr/local/lib/python3.10/dist-packages/starlette/applications.py", line 107, in __call__
    await self.middleware_stack(scope, receive, send)
  File "/usr/local/lib/python3.10/dist-packages/starlette/middleware/errors.py", line 164, in __call__
    await self.app(scope, receive, _send)
  File "/usr/local/lib/python3.10/dist-packages/starlette/middleware/exceptions.py", line 63, in __call__
    await wrap_app_handling_exceptions(self.app, conn)(scope, receive, send)
  File "/usr/local/lib/python3.10/dist-packages/starlette/_exception_handler.py", line 42, in wrapped_app
    await app(scope, receive, sender)
  File "/usr/local/lib/python3.10/dist-packages/fastapi/middleware/asyncexitstack.py", line 18, in __call__
    await self.app(scope, receive, send)
  File "/usr/local/lib/python3.10/dist-packages/starlette/routing.py", line 716, in __call__
    await self.middleware_stack(scope, receive, send)
  File "/usr/local/lib/python3.10/dist-packages/starlette/routing.py", line 736, in app
    await route.handle(scope, receive, send)
  File "/usr/local/lib/python3.10/dist-packages/starlette/routing.py", line 290, in handle
    await self.app(scope, receive, send)
  File "/usr/local/lib/python3.10/dist-packages/fastapi/routing.py", line 130, in app
    await wrap_app_handling_exceptions(app, request)(scope, receive, send)
  File "/usr/local/lib/python3.10/dist-packages/starlette/_exception_handler.py", line 42, in wrapped_app
    await app(scope, receive, sender)
  File "/usr/local/lib/python3.10/dist-packages/fastapi/routing.py", line 116, in app
    response = await f(request)
  File "/usr/local/lib/python3.10/dist-packages/fastapi/routing.py", line 670, in app
    raw_response = await run_endpoint_function(
  File "/usr/local/lib/python3.10/dist-packages/fastapi/routing.py", line 324, in run_endpoint_function
    return await dependant.call(**values)
  File "/root/WORK/SCHOOL/ACPs-app/acps_aip/aip_rpc_server.py", line 352, in rpc_endpoint
    return await handle_rpc_request(request, agent_handlers)
  File "/root/WORK/SCHOOL/ACPs-app/acps_aip/aip_rpc_server.py", line 277, in handle_rpc_request
    result = await agent_handlers.on_start(message, task)
  File "/root/WORK/SCHOOL/ACPs-app/agents/book_content_agent/book_content_agent.py", line 462, in handle_start
    result = await _analyze_content(payload)
  File "/root/WORK/SCHOOL/ACPs-app/agents/book_content_agent/book_content_agent.py", line 350, in _analyze_content
    vectorization_result = await _vectorize_books(books)
  File "/root/WORK/SCHOOL/ACPs-app/agents/book_content_agent/book_content_agent.py", line 253, in _vectorize_books
    embeddings, backend = await generate_text_embeddings_async(
  File "/root/WORK/SCHOOL/ACPs-app/services/model_backends.py", line 211, in generate_text_embeddings_async
    return generate_text_embeddings(text_list, model_name=effective_model, fallback_dim=fallback_dim)
  File "/root/WORK/SCHOOL/ACPs-app/services/model_backends.py", line 146, in generate_text_embeddings
    model = _resolve_sentence_transformer(effective_model)
  File "/root/WORK/SCHOOL/ACPs-app/services/model_backends.py", line 122, in _resolve_sentence_transformer
    from sentence_transformers import SentenceTransformer
  File "/usr/local/lib/python3.10/dist-packages/sentence_transformers/__init__.py", line 10, in <module>
    from sentence_transformers.backend import (
  File "/usr/local/lib/python3.10/dist-packages/sentence_transformers/backend/__init__.py", line 5, in <module>
    from .quantize import export_dynamic_quantized_onnx_model, export_static_quantized_openvino_model
  File "/usr/local/lib/python3.10/dist-packages/sentence_transformers/backend/quantize.py", line 7, in <module>
    from sentence_transformers.util import disable_datasets_caching, is_datasets_available
  File "/usr/local/lib/python3.10/dist-packages/sentence_transformers/util/__init__.py", line 4, in <module>
    from .distributed import all_gather, all_gather_with_grad
  File "/usr/local/lib/python3.10/dist-packages/sentence_transformers/util/distributed.py", line 3, in <module>
    import torch
  File "/usr/local/lib/python3.10/dist-packages/torch/__init__.py", line 1477, in <module>
    from .functional import *  # noqa: F403
  File "/usr/local/lib/python3.10/dist-packages/torch/functional.py", line 9, in <module>
    import torch.nn.functional as F
  File "/usr/local/lib/python3.10/dist-packages/torch/nn/__init__.py", line 1, in <module>
    from .modules import *  # noqa: F403
  File "/usr/local/lib/python3.10/dist-packages/torch/nn/modules/__init__.py", line 35, in <module>
    from .transformer import TransformerEncoder, TransformerDecoder, \
  File "/usr/local/lib/python3.10/dist-packages/torch/nn/modules/transformer.py", line 20, in <module>
    device: torch.device = torch.device(torch._C._get_default_device()),  # torch.device('cpu'),
/usr/local/lib/python3.10/dist-packages/torch/nn/modules/transformer.py:20: UserWarning: Failed to initialize NumPy: _ARRAY_API not found (Triggered internally at ../torch/csrc/utils/tensor_numpy.cpp:84.)
  device: torch.device = torch.device(torch._C._get_default_device()),  # torch.device('cpu'),
event=sentence_transformer_load_failed model=all-MiniLM-L6-v2 fallback=hash-fallback error=name 'nn' is not defined
